生成启动时间为 2016/2/6 14:24:02。
     1>项目“E:\C程序\HuffmanTree\HuffmanTree\HuffmanTree.vcxproj”在节点 2 上(Build 个目标)。
     1>ClCompile:
         C:\Program Files (x86)\Microsoft Visual Studio 12.0\VC\bin\CL.exe /c /ZI /nologo /W3 /WX- /Od /Oy- /D WIN32 /D _DEBUG /D _CONSOLE /D _LIB /D _UNICODE /D UNICODE /Gm /EHsc /RTC1 /MDd /GS /fp:precise /Zc:wchar_t /Zc:forScope /Fo"Debug\\" /Fd"Debug\vc120.pdb" /FR"Debug\\" /Gd /TP /analyze- /errorReport:prompt HufmanTree.cpp
         HufmanTree.cpp
     1>e:\c程序\huffmantree\huffmantree\hufmantree.cpp(78): warning C4101: “end”: 未引用的局部变量
     1>e:\c程序\huffmantree\huffmantree\hufmantree.cpp(219): warning C4996: 'scanf': This function or variable may be unsafe. Consider using scanf_s instead. To disable deprecation, use _CRT_SECURE_NO_WARNINGS. See online help for details.
                 c:\program files (x86)\microsoft visual studio 12.0\vc\include\stdio.h(283) : 参见“scanf”的声明
     1>e:\c程序\huffmantree\huffmantree\hufmantree.cpp(224): warning C4996: 'gets': This function or variable may be unsafe. Consider using gets_s instead. To disable deprecation, use _CRT_SECURE_NO_WARNINGS. See online help for details.
                 c:\program files (x86)\microsoft visual studio 12.0\vc\include\stdio.h(254) : 参见“gets”的声明
     1>e:\c程序\huffmantree\huffmantree\hufmantree.cpp(229): warning C4996: 'gets': This function or variable may be unsafe. Consider using gets_s instead. To disable deprecation, use _CRT_SECURE_NO_WARNINGS. See online help for details.
                 c:\program files (x86)\microsoft visual studio 12.0\vc\include\stdio.h(254) : 参见“gets”的声明
       Link:
         C:\Program Files (x86)\Microsoft Visual Studio 12.0\VC\bin\link.exe /ERRORREPORT:PROMPT /OUT:"E:\C程序\HuffmanTree\Debug\HuffmanTree.exe" /INCREMENTAL /NOLOGO kernel32.lib user32.lib gdi32.lib winspool.lib comdlg32.lib advapi32.lib shell32.lib ole32.lib oleaut32.lib uuid.lib odbc32.lib odbccp32.lib /MANIFEST /MANIFESTUAC:"level='asInvoker' uiAccess='false'" /manifest:embed /DEBUG /PDB:"E:\C程序\HuffmanTree\Debug\HuffmanTree.pdb" /SUBSYSTEM:CONSOLE /TLBID:1 /DYNAMICBASE /NXCOMPAT /IMPLIB:"E:\C程序\HuffmanTree\Debug\HuffmanTree.lib" /MACHINE:X86 Debug\HufmanTree.obj
         HuffmanTree.vcxproj -> E:\C程序\HuffmanTree\Debug\HuffmanTree.exe
       BscMake:
         C:\Program Files (x86)\Microsoft Visual Studio 12.0\VC\bin\bscmake.exe /nologo /o"E:\C程序\HuffmanTree\Debug\HuffmanTree.bsc" /n Debug\HufmanTree.sbr
     1>已完成生成项目“E:\C程序\HuffmanTree\HuffmanTree\HuffmanTree.vcxproj”(Build 个目标)的操作。

生成成功。

已用时间 00:00:00.50
